commit 5da751c024520aa7c7beb07114e8c90a1f3946dd
Author: Glenn Downing <downing@cs.utexas.edu>
Date:   Sun Aug 28 22:32:51 2016 -0500

    another commit

commit 539395d269443273be72732065d9323561bc4ad8
Author: Glenn Downing <downing@cs.utexas.edu>
Date:   Sat Aug 27 23:07:56 2016 -0500

    another commit

commit 81488a0a83e958fc878430252ee959df6d28891a
Author: Glenn Downing <downing@cs.utexas.edu>
Date:   Sat Aug 27 17:05:18 2016 -0500

    another commit

commit 6bdcc051737dcd896f8f3bad0673a1c50a22e6ea
Author: Glenn Downing <downing@cs.utexas.edu>
Date:   Thu Aug 25 22:20:27 2016 -0500

    another commit

commit 9701e94b2e2365351cf8cb85b7ce9396760fd5eb
Author: Glenn Downing <downing@cs.utexas.edu>
Date:   Thu Aug 25 22:18:38 2016 -0500

    another commit

commit 00647dc3673db52af5c9be134ffc9cb4486907fd
Author: Glenn Downing <downing@cs.utexas.edu>
Date:   Thu Aug 25 22:14:31 2016 -0500

    another commit

commit 4dbdb175edd381a15bed6c5e190e7133eeba2374
Author: Glenn Downing <downing@cs.utexas.edu>
Date:   Thu Aug 25 22:11:53 2016 -0500

    another commit

commit ee73855d8ccaab6ed5bc59eaecce308b4e183bd6
Author: Glenn Downing <downing@cs.utexas.edu>
Date:   Tue Aug 23 09:30:46 2016 -0500

    another commit

commit f31e9e5c4ea40aacadd3fa877513f7b2d42aa511
Author: Glenn Downing <downing@cs.utexas.edu>
Date:   Sun Aug 21 17:02:45 2016 -0500

    another commit

commit 20aac524b632e0d3433163e8f26b37364950f0d8
Author: Glenn Downing <downing@cs.utexas.edu>
Date:   Sun Aug 21 17:02:37 2016 -0500

    first commit
